{"numFailedTestSuites":7,"numFailedTests":16,"numPassedTestSuites":1,"numPassedTests":3,"numPendingTestSuites":0,"numPendingTests":0,"numRuntimeErrorTestSuites":0,"numTodoTests":0,"numTotalTestSuites":8,"numTotalTests":19,"openHandles":[],"snapshot":{"added":0,"didUpdate":false,"failure":false,"filesAdded":0,"filesRemoved":0,"filesUnmatched":0,"filesUpdated":0,"matched":0,"total":0,"unchecked":0,"uncheckedKeysByFile":[],"unmatched":0,"updated":0},"startTime":1553172430283,"success":false,"testResults":[{"console":null,"failureMessage":"\u001b[1m\u001b[31m  \u001b[1m● \u001b[1mexercise1 › groceryList class store should have an observable property \"list\"\u001b[39m\u001b[22m\n\n    Custom message:\n      You should have exported a class groceryList\n\n    \u001b[2mexpect(\u001b[22m\u001b[31mreceived\u001b[39m\u001b[2m).\u001b[22mtoBeDefined\u001b[2m()\u001b[22m\n\n    Received: \u001b[31mundefined\u001b[39m\n\u001b[2m\u001b[22m\n\u001b[2m    \u001b[0m \u001b[90m  9 | \u001b[39m    it (\u001b[32m'groceryList class store should have an observable property \"list\"'\u001b[39m\u001b[33m,\u001b[39m () \u001b[33m=>\u001b[39m {\u001b[0m\u001b[22m\n\u001b[2m    \u001b[0m \u001b[90m 10 | \u001b[39m        \u001b[36mconst\u001b[39m store \u001b[33m=\u001b[39m groceryList\u001b[33m;\u001b[39m\u001b[0m\u001b[22m\n\u001b[2m    \u001b[0m\u001b[31m\u001b[1m>\u001b[2m\u001b[39m\u001b[90m 11 | \u001b[39m        expect(store\u001b[33m,\u001b[39m \u001b[32m\"You should have exported a class groceryList\"\u001b[39m)\u001b[33m.\u001b[39mtoBeDefined()\u001b[0m\u001b[22m\n\u001b[2m    \u001b[0m \u001b[90m    | \u001b[39m                                                                      \u001b[31m\u001b[1m^\u001b[2m\u001b[39m\u001b[0m\u001b[22m\n\u001b[2m    \u001b[0m \u001b[90m 12 | \u001b[39m        expect(isObservable(store\u001b[33m.\u001b[39mlist)\u001b[33m,\u001b[39m \u001b[32m\"the list property should be observable\"\u001b[39m)\u001b[33m.\u001b[39mtoBeTruthy()\u001b[0m\u001b[22m\n\u001b[2m    \u001b[0m \u001b[90m 13 | \u001b[39m    })\u001b[0m\u001b[22m\n\u001b[2m    \u001b[0m \u001b[90m 14 | \u001b[39m})\u001b[0m\u001b[22m\n\u001b[2m\u001b[22m\n\u001b[2m      \u001b[2mat Object.toBeDefined (\u001b[2m\u001b[0m\u001b[36mtests/spot-check-1/ex-1.test.js\u001b[39m\u001b[0m\u001b[2m:11:71)\u001b[2m\u001b[22m\n","numFailingTests":1,"numPassingTests":0,"numPendingTests":0,"numTodoTests":0,"perfStats":{"end":1553172434223,"start":1553172432297},"snapshot":{"added":0,"fileDeleted":false,"matched":0,"unchecked":0,"unmatched":0,"updated":0,"uncheckedKeys":[]},"testFilePath":"/Users/talbronfer/Documents/Elevation/Projects/mobx1-lesson-exercises-ex-talbronfer/tests/spot-check-1/ex-1.test.js","testResults":[{"ancestorTitles":["exercise1"],"duration":11,"failureMessages":["Error: Custom message:\n  You should have exported a class groceryList\n\n\u001b[2mexpect(\u001b[22m\u001b[31mreceived\u001b[39m\u001b[2m).\u001b[22mtoBeDefined\u001b[2m()\u001b[22m\n\nReceived: \u001b[31mundefined\u001b[39m\n    at Object.toBeDefined (/Users/talbronfer/Documents/Elevation/Projects/mobx1-lesson-exercises-ex-talbronfer/tests/spot-check-1/ex-1.test.js:11:71)\n    at Object.asyncJestTest (/Users/talbronfer/Documents/Elevation/Projects/mobx1-lesson-exercises-ex-talbronfer/node_modules/jest-config/node_modules/jest-jasmine2/build/jasmineAsyncInstall.js:102:37)\n    at resolve (/Users/talbronfer/Documents/Elevation/Projects/mobx1-lesson-exercises-ex-talbronfer/node_modules/jest-config/node_modules/jest-jasmine2/build/queueRunner.js:41:12)\n    at new Promise (<anonymous>)\n    at mapper (/Users/talbronfer/Documents/Elevation/Projects/mobx1-lesson-exercises-ex-talbronfer/node_modules/jest-config/node_modules/jest-jasmine2/build/queueRunner.js:26:19)\n    at promise.then (/Users/talbronfer/Documents/Elevation/Projects/mobx1-lesson-exercises-ex-talbronfer/node_modules/jest-config/node_modules/jest-jasmine2/build/queueRunner.js:71:41)\n    at process._tickCallback (internal/process/next_tick.js:68:7)"],"fullName":"exercise1 groceryList class store should have an observable property \"list\"","location":null,"numPassingAsserts":0,"status":"failed","title":"groceryList class store should have an observable property \"list\""}],"sourceMaps":{},"skipped":false,"leaks":false},{"console":null,"failureMessage":"\u001b[1m\u001b[31m  \u001b[1m● \u001b[1mexercise1 › store should have a checkItem function that updates a given items completed property\u001b[39m\u001b[22m\n\n    TypeError: Cannot read property 'checkItem' of undefined\n\u001b[2m\u001b[22m\n\u001b[2m    \u001b[0m \u001b[90m 15 | \u001b[39m      })\u001b[33m;\u001b[39m\u001b[0m\u001b[22m\n\u001b[2m    \u001b[0m \u001b[90m 16 | \u001b[39m    it (\u001b[32m'store should have a checkItem function that updates a given items completed property'\u001b[39m\u001b[33m,\u001b[39m () \u001b[33m=>\u001b[39m {\u001b[0m\u001b[22m\n\u001b[2m    \u001b[0m\u001b[31m\u001b[1m>\u001b[2m\u001b[39m\u001b[90m 17 | \u001b[39m        \u001b[36mconst\u001b[39m checkItem \u001b[33m=\u001b[39m store\u001b[33m.\u001b[39mcheckItem\u001b[0m\u001b[22m\n\u001b[2m    \u001b[0m \u001b[90m    | \u001b[39m                                \u001b[31m\u001b[1m^\u001b[2m\u001b[39m\u001b[0m\u001b[22m\n\u001b[2m    \u001b[0m \u001b[90m 18 | \u001b[39m        store\u001b[33m.\u001b[39mlist\u001b[33m.\u001b[39mpush({name\u001b[33m:\u001b[39m \u001b[32m\"test\"\u001b[39m\u001b[33m,\u001b[39m completed\u001b[33m:\u001b[39m \u001b[36mfalse\u001b[39m})\u001b[0m\u001b[22m\n\u001b[2m    \u001b[0m \u001b[90m 19 | \u001b[39m        checkItem(\u001b[32m\"test\"\u001b[39m)\u001b[0m\u001b[22m\n\u001b[2m    \u001b[0m \u001b[90m 20 | \u001b[39m        \u001b[36mconst\u001b[39m test \u001b[33m=\u001b[39m store\u001b[33m.\u001b[39mlist\u001b[33m.\u001b[39mfind(i \u001b[33m=>\u001b[39m i\u001b[33m.\u001b[39mname \u001b[33m===\u001b[39m \u001b[32m\"test\"\u001b[39m)\u001b[0m\u001b[22m\n\u001b[2m\u001b[22m\n\u001b[2m      \u001b[2mat Object.checkItem (\u001b[2m\u001b[0m\u001b[36mtests/spot-check-3/ex-1.test.js\u001b[39m\u001b[0m\u001b[2m:17:33)\u001b[2m\u001b[22m\n\n\u001b[1m\u001b[31m  \u001b[1m● \u001b[1mexercise1 › checkItem function should be a MobX action\u001b[39m\u001b[22m\n\n    TypeError: Cannot read property 'checkItem' of undefined\n\u001b[2m\u001b[22m\n\u001b[2m    \u001b[0m \u001b[90m 22 | \u001b[39m    })\u001b[0m\u001b[22m\n\u001b[2m    \u001b[0m \u001b[90m 23 | \u001b[39m    it (\u001b[32m'checkItem function should be a MobX action'\u001b[39m\u001b[33m,\u001b[39m () \u001b[33m=>\u001b[39m {\u001b[0m\u001b[22m\n\u001b[2m    \u001b[0m\u001b[31m\u001b[1m>\u001b[2m\u001b[39m\u001b[90m 24 | \u001b[39m        \u001b[36mconst\u001b[39m checkItem \u001b[33m=\u001b[39m store\u001b[33m.\u001b[39mcheckItem\u001b[0m\u001b[22m\n\u001b[2m    \u001b[0m \u001b[90m    | \u001b[39m                                \u001b[31m\u001b[1m^\u001b[2m\u001b[39m\u001b[0m\u001b[22m\n\u001b[2m    \u001b[0m \u001b[90m 25 | \u001b[39m        expect(checkItem\u001b[33m.\u001b[39misMobxAction)\u001b[33m.\u001b[39mtoBeTruthy()\u001b[0m\u001b[22m\n\u001b[2m    \u001b[0m \u001b[90m 26 | \u001b[39m    })\u001b[0m\u001b[22m\n\u001b[2m    \u001b[0m \u001b[90m 27 | \u001b[39m    it (\u001b[32m'Your input should have an onClick which invokes the checkItem function'\u001b[39m\u001b[33m,\u001b[39m () \u001b[33m=>\u001b[39m {\u001b[0m\u001b[22m\n\u001b[2m\u001b[22m\n\u001b[2m      \u001b[2mat Object.checkItem (\u001b[2m\u001b[0m\u001b[36mtests/spot-check-3/ex-1.test.js\u001b[39m\u001b[0m\u001b[2m:24:33)\u001b[2m\u001b[22m\n\n\u001b[1m\u001b[31m  \u001b[1m● \u001b[1mexercise1 › Your input should have an onClick which invokes the checkItem function\u001b[39m\u001b[22m\n\n    Method “hasClass” is meant to be run on 1 node. 0 found instead.\n\u001b[2m\u001b[22m\n\u001b[2m    \u001b[0m \u001b[90m 27 | \u001b[39m    it (\u001b[32m'Your input should have an onClick which invokes the checkItem function'\u001b[39m\u001b[33m,\u001b[39m () \u001b[33m=>\u001b[39m {\u001b[0m\u001b[22m\n\u001b[2m    \u001b[0m \u001b[90m 28 | \u001b[39m        \u001b[36mconst\u001b[39m wrapper \u001b[33m=\u001b[39m mount(\u001b[33m<\u001b[39m\u001b[33mApp\u001b[39m store \u001b[33m=\u001b[39m{store}\u001b[33m/\u001b[39m\u001b[33m>\u001b[39m)\u001b[0m\u001b[22m\n\u001b[2m    \u001b[0m\u001b[31m\u001b[1m>\u001b[2m\u001b[39m\u001b[90m 29 | \u001b[39m        let selected \u001b[33m=\u001b[39m wrapper\u001b[33m.\u001b[39mfind(\u001b[32m\".listItem\"\u001b[39m)\u001b[33m.\u001b[39mfirst()\u001b[33m.\u001b[39mparent(\u001b[32m'div'\u001b[39m)\u001b[33m.\u001b[39mhasClass(\u001b[32m\"crossed\"\u001b[39m)\u001b[0m\u001b[22m\n\u001b[2m    \u001b[0m \u001b[90m    | \u001b[39m                                                                       \u001b[31m\u001b[1m^\u001b[2m\u001b[39m\u001b[0m\u001b[22m\n\u001b[2m    \u001b[0m \u001b[90m 30 | \u001b[39m        wrapper\u001b[33m.\u001b[39mfind(\u001b[32m'.listItem'\u001b[39m)\u001b[33m.\u001b[39mfirst()\u001b[33m.\u001b[39msimulate(\u001b[32m'click'\u001b[39m)\u001b[0m\u001b[22m\n\u001b[2m    \u001b[0m \u001b[90m 31 | \u001b[39m        expect(wrapper\u001b[33m.\u001b[39mfind(\u001b[32m\".listItem\"\u001b[39m)\u001b[33m.\u001b[39mfirst()\u001b[33m.\u001b[39mparent(\u001b[32m'div'\u001b[39m)\u001b[33m.\u001b[39mhasClass(\u001b[32m\"crossed\"\u001b[39m))\u001b[33m.\u001b[39mtoBe(\u001b[33m!\u001b[39mselected)\u001b[0m\u001b[22m\n\u001b[2m    \u001b[0m \u001b[90m 32 | \u001b[39m    })\u001b[0m\u001b[22m\n\u001b[2m\u001b[22m\n\u001b[2m      \u001b[2mat ReactWrapper.single (\u001b[2mnode_modules/enzyme/build/ReactWrapper.js\u001b[2m:1718:17)\u001b[2m\u001b[22m\n\u001b[2m      \u001b[2mat ReactWrapper.hasClass (\u001b[2mnode_modules/enzyme/build/ReactWrapper.js\u001b[2m:1333:21)\u001b[2m\u001b[22m\n\u001b[2m      \u001b[2mat Object.hasClass (\u001b[2m\u001b[0m\u001b[36mtests/spot-check-3/ex-1.test.js\u001b[39m\u001b[0m\u001b[2m:29:72)\u001b[2m\u001b[22m\n","numFailingTests":3,"numPassingTests":1,"numPendingTests":0,"numTodoTests":0,"perfStats":{"end":1553172434336,"start":1553172432297},"snapshot":{"added":0,"fileDeleted":false,"matched":0,"unchecked":0,"unmatched":0,"updated":0,"uncheckedKeys":[]},"testFilePath":"/Users/talbronfer/Documents/Elevation/Projects/mobx1-lesson-exercises-ex-talbronfer/tests/spot-check-3/ex-1.test.js","testResults":[{"ancestorTitles":["exercise1"],"duration":24,"failureMessages":[],"fullName":"exercise1 Application should render without crashing","location":null,"numPassingAsserts":0,"status":"passed","title":"Application should render without crashing"},{"ancestorTitles":["exercise1"],"duration":1,"failureMessages":["TypeError: Cannot read property 'checkItem' of undefined\n    at Object.checkItem (/Users/talbronfer/Documents/Elevation/Projects/mobx1-lesson-exercises-ex-talbronfer/tests/spot-check-3/ex-1.test.js:17:33)\n    at Object.asyncJestTest (/Users/talbronfer/Documents/Elevation/Projects/mobx1-lesson-exercises-ex-talbronfer/node_modules/jest-config/node_modules/jest-jasmine2/build/jasmineAsyncInstall.js:102:37)\n    at resolve (/Users/talbronfer/Documents/Elevation/Projects/mobx1-lesson-exercises-ex-talbronfer/node_modules/jest-config/node_modules/jest-jasmine2/build/queueRunner.js:41:12)\n    at new Promise (<anonymous>)\n    at mapper (/Users/talbronfer/Documents/Elevation/Projects/mobx1-lesson-exercises-ex-talbronfer/node_modules/jest-config/node_modules/jest-jasmine2/build/queueRunner.js:26:19)\n    at promise.then (/Users/talbronfer/Documents/Elevation/Projects/mobx1-lesson-exercises-ex-talbronfer/node_modules/jest-config/node_modules/jest-jasmine2/build/queueRunner.js:71:41)\n    at process._tickCallback (internal/process/next_tick.js:68:7)"],"fullName":"exercise1 store should have a checkItem function that updates a given items completed property","location":null,"numPassingAsserts":0,"status":"failed","title":"store should have a checkItem function that updates a given items completed property"},{"ancestorTitles":["exercise1"],"duration":0,"failureMessages":["TypeError: Cannot read property 'checkItem' of undefined\n    at Object.checkItem (/Users/talbronfer/Documents/Elevation/Projects/mobx1-lesson-exercises-ex-talbronfer/tests/spot-check-3/ex-1.test.js:24:33)\n    at Object.asyncJestTest (/Users/talbronfer/Documents/Elevation/Projects/mobx1-lesson-exercises-ex-talbronfer/node_modules/jest-config/node_modules/jest-jasmine2/build/jasmineAsyncInstall.js:102:37)\n    at resolve (/Users/talbronfer/Documents/Elevation/Projects/mobx1-lesson-exercises-ex-talbronfer/node_modules/jest-config/node_modules/jest-jasmine2/build/queueRunner.js:41:12)\n    at new Promise (<anonymous>)\n    at mapper (/Users/talbronfer/Documents/Elevation/Projects/mobx1-lesson-exercises-ex-talbronfer/node_modules/jest-config/node_modules/jest-jasmine2/build/queueRunner.js:26:19)\n    at promise.then (/Users/talbronfer/Documents/Elevation/Projects/mobx1-lesson-exercises-ex-talbronfer/node_modules/jest-config/node_modules/jest-jasmine2/build/queueRunner.js:71:41)\n    at process._tickCallback (internal/process/next_tick.js:68:7)"],"fullName":"exercise1 checkItem function should be a MobX action","location":null,"numPassingAsserts":0,"status":"failed","title":"checkItem function should be a MobX action"},{"ancestorTitles":["exercise1"],"duration":60,"failureMessages":["Error: Method “hasClass” is meant to be run on 1 node. 0 found instead.\n    at ReactWrapper.single (/Users/talbronfer/Documents/Elevation/Projects/mobx1-lesson-exercises-ex-talbronfer/node_modules/enzyme/build/ReactWrapper.js:1718:17)\n    at ReactWrapper.hasClass (/Users/talbronfer/Documents/Elevation/Projects/mobx1-lesson-exercises-ex-talbronfer/node_modules/enzyme/build/ReactWrapper.js:1333:21)\n    at Object.hasClass (/Users/talbronfer/Documents/Elevation/Projects/mobx1-lesson-exercises-ex-talbronfer/tests/spot-check-3/ex-1.test.js:29:72)\n    at Object.asyncJestTest (/Users/talbronfer/Documents/Elevation/Projects/mobx1-lesson-exercises-ex-talbronfer/node_modules/jest-config/node_modules/jest-jasmine2/build/jasmineAsyncInstall.js:102:37)\n    at resolve (/Users/talbronfer/Documents/Elevation/Projects/mobx1-lesson-exercises-ex-talbronfer/node_modules/jest-config/node_modules/jest-jasmine2/build/queueRunner.js:41:12)\n    at new Promise (<anonymous>)\n    at mapper (/Users/talbronfer/Documents/Elevation/Projects/mobx1-lesson-exercises-ex-talbronfer/node_modules/jest-config/node_modules/jest-jasmine2/build/queueRunner.js:26:19)\n    at promise.then (/Users/talbronfer/Documents/Elevation/Projects/mobx1-lesson-exercises-ex-talbronfer/node_modules/jest-config/node_modules/jest-jasmine2/build/queueRunner.js:71:41)\n    at process._tickCallback (internal/process/next_tick.js:68:7)"],"fullName":"exercise1 Your input should have an onClick which invokes the checkItem function","location":null,"numPassingAsserts":0,"status":"failed","title":"Your input should have an onClick which invokes the checkItem function"}],"sourceMaps":{},"skipped":false,"leaks":false},{"console":null,"failureMessage":"\u001b[1m\u001b[31m  \u001b[1m● \u001b[1mexercise1 › store should have an addItem function that adds a new Item to the stores list property\u001b[39m\u001b[22m\n\n    TypeError: shoppingList.push is not a function\n\u001b[2m\u001b[22m\n\u001b[2m    \u001b[0m \u001b[90m 13 | \u001b[39m        shoppingList \u001b[33m=\u001b[39m \u001b[36mnew\u001b[39m \u001b[33mShoppingList\u001b[39m()\u001b[33m;\u001b[39m\u001b[0m\u001b[22m\n\u001b[2m    \u001b[0m \u001b[90m 14 | \u001b[39m        let potatoes \u001b[33m=\u001b[39m \u001b[36mnew\u001b[39m \u001b[33mItem\u001b[39m()\u001b[33m;\u001b[39m\u001b[0m\u001b[22m\n\u001b[2m    \u001b[0m\u001b[31m\u001b[1m>\u001b[2m\u001b[39m\u001b[90m 15 | \u001b[39m        shoppingList\u001b[33m.\u001b[39mpush(potatoes)\u001b[33m;\u001b[39m\u001b[0m\u001b[22m\n\u001b[2m    \u001b[0m \u001b[90m    | \u001b[39m                     \u001b[31m\u001b[1m^\u001b[2m\u001b[39m\u001b[0m\u001b[22m\n\u001b[2m    \u001b[0m \u001b[90m 16 | \u001b[39m    })\u001b[33m;\u001b[39m\u001b[0m\u001b[22m\n\u001b[2m    \u001b[0m \u001b[90m 17 | \u001b[39m    it (\u001b[32m'store should have an addItem function that adds a new Item to the stores list property'\u001b[39m\u001b[33m,\u001b[39m () \u001b[33m=>\u001b[39m {\u001b[0m\u001b[22m\n\u001b[2m    \u001b[0m \u001b[90m 18 | \u001b[39m        \u001b[36mconst\u001b[39m addItem \u001b[33m=\u001b[39m shoppingList\u001b[33m.\u001b[39maddItem\u001b[0m\u001b[22m\n\u001b[2m\u001b[22m\n\u001b[2m      \u001b[2mat Object.push (\u001b[2m\u001b[0m\u001b[36mtests/exercises/ex-1.test.js\u001b[39m\u001b[0m\u001b[2m:15:22)\u001b[2m\u001b[22m\n\n\u001b[1m\u001b[31m  \u001b[1m● \u001b[1mexercise1 › store should have an addItem function that adds a new Item to the stores list property\u001b[39m\u001b[22m\n\n    \u001b[2mexpect(\u001b[22m\u001b[31mreceived\u001b[39m\u001b[2m).\u001b[22mtoBeTruthy\u001b[2m()\u001b[22m\n\n    Received: \u001b[31mundefined\u001b[39m\n\u001b[2m\u001b[22m\n\u001b[2m    \u001b[0m \u001b[90m 19 | \u001b[39m        addItem(\u001b[32m\"test\"\u001b[39m)\u001b[0m\u001b[22m\n\u001b[2m    \u001b[0m \u001b[90m 20 | \u001b[39m        \u001b[36mconst\u001b[39m test \u001b[33m=\u001b[39m shoppingList\u001b[33m.\u001b[39mlist\u001b[33m.\u001b[39mfind(i \u001b[33m=>\u001b[39m i\u001b[33m.\u001b[39mname \u001b[33m===\u001b[39m \u001b[32m\"test\"\u001b[39m)\u001b[0m\u001b[22m\n\u001b[2m    \u001b[0m\u001b[31m\u001b[1m>\u001b[2m\u001b[39m\u001b[90m 21 | \u001b[39m        expect(test)\u001b[33m.\u001b[39mtoBeTruthy()\u001b[0m\u001b[22m\n\u001b[2m    \u001b[0m \u001b[90m    | \u001b[39m                     \u001b[31m\u001b[1m^\u001b[2m\u001b[39m\u001b[0m\u001b[22m\n\u001b[2m    \u001b[0m \u001b[90m 22 | \u001b[39m    })\u001b[0m\u001b[22m\n\u001b[2m    \u001b[0m \u001b[90m 23 | \u001b[39m    it (\u001b[32m'addItem function should be a MobX action'\u001b[39m\u001b[33m,\u001b[39m () \u001b[33m=>\u001b[39m {\u001b[0m\u001b[22m\n\u001b[2m    \u001b[0m \u001b[90m 24 | \u001b[39m        \u001b[36mconst\u001b[39m addItem \u001b[33m=\u001b[39m shoppingList\u001b[33m.\u001b[39maddItem\u001b[0m\u001b[22m\n\u001b[2m\u001b[22m\n\u001b[2m      \u001b[2mat Object.toBeTruthy (\u001b[2m\u001b[0m\u001b[36mtests/exercises/ex-1.test.js\u001b[39m\u001b[0m\u001b[2m:21:22)\u001b[2m\u001b[22m\n\n\u001b[1m\u001b[31m  \u001b[1m● \u001b[1mexercise1 › addItem function should be a MobX action\u001b[39m\u001b[22m\n\n    TypeError: shoppingList.push is not a function\n\u001b[2m\u001b[22m\n\u001b[2m    \u001b[0m \u001b[90m 13 | \u001b[39m        shoppingList \u001b[33m=\u001b[39m \u001b[36mnew\u001b[39m \u001b[33mShoppingList\u001b[39m()\u001b[33m;\u001b[39m\u001b[0m\u001b[22m\n\u001b[2m    \u001b[0m \u001b[90m 14 | \u001b[39m        let potatoes \u001b[33m=\u001b[39m \u001b[36mnew\u001b[39m \u001b[33mItem\u001b[39m()\u001b[33m;\u001b[39m\u001b[0m\u001b[22m\n\u001b[2m    \u001b[0m\u001b[31m\u001b[1m>\u001b[2m\u001b[39m\u001b[90m 15 | \u001b[39m        shoppingList\u001b[33m.\u001b[39mpush(potatoes)\u001b[33m;\u001b[39m\u001b[0m\u001b[22m\n\u001b[2m    \u001b[0m \u001b[90m    | \u001b[39m                     \u001b[31m\u001b[1m^\u001b[2m\u001b[39m\u001b[0m\u001b[22m\n\u001b[2m    \u001b[0m \u001b[90m 16 | \u001b[39m    })\u001b[33m;\u001b[39m\u001b[0m\u001b[22m\n\u001b[2m    \u001b[0m \u001b[90m 17 | \u001b[39m    it (\u001b[32m'store should have an addItem function that adds a new Item to the stores list property'\u001b[39m\u001b[33m,\u001b[39m () \u001b[33m=>\u001b[39m {\u001b[0m\u001b[22m\n\u001b[2m    \u001b[0m \u001b[90m 18 | \u001b[39m        \u001b[36mconst\u001b[39m addItem \u001b[33m=\u001b[39m shoppingList\u001b[33m.\u001b[39maddItem\u001b[0m\u001b[22m\n\u001b[2m\u001b[22m\n\u001b[2m      \u001b[2mat Object.push (\u001b[2m\u001b[0m\u001b[36mtests/exercises/ex-1.test.js\u001b[39m\u001b[0m\u001b[2m:15:22)\u001b[2m\u001b[22m\n\n\u001b[1m\u001b[31m  \u001b[1m● \u001b[1mexercise1 › addItem function should be a MobX action\u001b[39m\u001b[22m\n\n    \u001b[2mexpect(\u001b[22m\u001b[31mreceived\u001b[39m\u001b[2m).\u001b[22mtoBeTruthy\u001b[2m()\u001b[22m\n\n    Received: \u001b[31mundefined\u001b[39m\n\u001b[2m\u001b[22m\n\u001b[2m    \u001b[0m \u001b[90m 23 | \u001b[39m    it (\u001b[32m'addItem function should be a MobX action'\u001b[39m\u001b[33m,\u001b[39m () \u001b[33m=>\u001b[39m {\u001b[0m\u001b[22m\n\u001b[2m    \u001b[0m \u001b[90m 24 | \u001b[39m        \u001b[36mconst\u001b[39m addItem \u001b[33m=\u001b[39m shoppingList\u001b[33m.\u001b[39maddItem\u001b[0m\u001b[22m\n\u001b[2m    \u001b[0m\u001b[31m\u001b[1m>\u001b[2m\u001b[39m\u001b[90m 25 | \u001b[39m        expect(addItem\u001b[33m.\u001b[39misMobxAction)\u001b[33m.\u001b[39mtoBeTruthy()\u001b[0m\u001b[22m\n\u001b[2m    \u001b[0m \u001b[90m    | \u001b[39m                                     \u001b[31m\u001b[1m^\u001b[2m\u001b[39m\u001b[0m\u001b[22m\n\u001b[2m    \u001b[0m \u001b[90m 26 | \u001b[39m    })\u001b[0m\u001b[22m\n\u001b[2m    \u001b[0m \u001b[90m 27 | \u001b[39m})\u001b[0m\u001b[22m\n\u001b[2m\u001b[22m\n\u001b[2m      \u001b[2mat Object.toBeTruthy (\u001b[2m\u001b[0m\u001b[36mtests/exercises/ex-1.test.js\u001b[39m\u001b[0m\u001b[2m:25:38)\u001b[2m\u001b[22m\n","numFailingTests":2,"numPassingTests":0,"numPendingTests":0,"numTodoTests":0,"perfStats":{"end":1553172434706,"start":1553172434384},"snapshot":{"added":0,"fileDeleted":false,"matched":0,"unchecked":0,"unmatched":0,"updated":0,"uncheckedKeys":[]},"testFilePath":"/Users/talbronfer/Documents/Elevation/Projects/mobx1-lesson-exercises-ex-talbronfer/tests/exercises/ex-1.test.js","testResults":[{"ancestorTitles":["exercise1"],"duration":6,"failureMessages":["TypeError: shoppingList.push is not a function\n    at Object.push (/Users/talbronfer/Documents/Elevation/Projects/mobx1-lesson-exercises-ex-talbronfer/tests/exercises/ex-1.test.js:15:22)\n    at Object.asyncJestLifecycle (/Users/talbronfer/Documents/Elevation/Projects/mobx1-lesson-exercises-ex-talbronfer/node_modules/jest-config/node_modules/jest-jasmine2/build/jasmineAsyncInstall.js:53:37)\n    at resolve (/Users/talbronfer/Documents/Elevation/Projects/mobx1-lesson-exercises-ex-talbronfer/node_modules/jest-config/node_modules/jest-jasmine2/build/queueRunner.js:41:12)\n    at new Promise (<anonymous>)\n    at mapper (/Users/talbronfer/Documents/Elevation/Projects/mobx1-lesson-exercises-ex-talbronfer/node_modules/jest-config/node_modules/jest-jasmine2/build/queueRunner.js:26:19)\n    at promise.then (/Users/talbronfer/Documents/Elevation/Projects/mobx1-lesson-exercises-ex-talbronfer/node_modules/jest-config/node_modules/jest-jasmine2/build/queueRunner.js:71:41)\n    at process._tickCallback (internal/process/next_tick.js:68:7)","Error: \u001b[2mexpect(\u001b[22m\u001b[31mreceived\u001b[39m\u001b[2m).\u001b[22mtoBeTruthy\u001b[2m()\u001b[22m\n\nReceived: \u001b[31mundefined\u001b[39m\n    at Object.toBeTruthy (/Users/talbronfer/Documents/Elevation/Projects/mobx1-lesson-exercises-ex-talbronfer/tests/exercises/ex-1.test.js:21:22)\n    at Object.asyncJestTest (/Users/talbronfer/Documents/Elevation/Projects/mobx1-lesson-exercises-ex-talbronfer/node_modules/jest-config/node_modules/jest-jasmine2/build/jasmineAsyncInstall.js:102:37)\n    at resolve (/Users/talbronfer/Documents/Elevation/Projects/mobx1-lesson-exercises-ex-talbronfer/node_modules/jest-config/node_modules/jest-jasmine2/build/queueRunner.js:41:12)\n    at new Promise (<anonymous>)\n    at mapper (/Users/talbronfer/Documents/Elevation/Projects/mobx1-lesson-exercises-ex-talbronfer/node_modules/jest-config/node_modules/jest-jasmine2/build/queueRunner.js:26:19)\n    at promise.then (/Users/talbronfer/Documents/Elevation/Projects/mobx1-lesson-exercises-ex-talbronfer/node_modules/jest-config/node_modules/jest-jasmine2/build/queueRunner.js:71:41)\n    at process._tickCallback (internal/process/next_tick.js:68:7)"],"fullName":"exercise1 store should have an addItem function that adds a new Item to the stores list property","location":null,"numPassingAsserts":0,"status":"failed","title":"store should have an addItem function that adds a new Item to the stores list property"},{"ancestorTitles":["exercise1"],"duration":3,"failureMessages":["TypeError: shoppingList.push is not a function\n    at Object.push (/Users/talbronfer/Documents/Elevation/Projects/mobx1-lesson-exercises-ex-talbronfer/tests/exercises/ex-1.test.js:15:22)\n    at Object.asyncJestLifecycle (/Users/talbronfer/Documents/Elevation/Projects/mobx1-lesson-exercises-ex-talbronfer/node_modules/jest-config/node_modules/jest-jasmine2/build/jasmineAsyncInstall.js:53:37)\n    at resolve (/Users/talbronfer/Documents/Elevation/Projects/mobx1-lesson-exercises-ex-talbronfer/node_modules/jest-config/node_modules/jest-jasmine2/build/queueRunner.js:41:12)\n    at new Promise (<anonymous>)\n    at mapper (/Users/talbronfer/Documents/Elevation/Projects/mobx1-lesson-exercises-ex-talbronfer/node_modules/jest-config/node_modules/jest-jasmine2/build/queueRunner.js:26:19)\n    at promise.then (/Users/talbronfer/Documents/Elevation/Projects/mobx1-lesson-exercises-ex-talbronfer/node_modules/jest-config/node_modules/jest-jasmine2/build/queueRunner.js:71:41)\n    at process._tickCallback (internal/process/next_tick.js:68:7)","Error: \u001b[2mexpect(\u001b[22m\u001b[31mreceived\u001b[39m\u001b[2m).\u001b[22mtoBeTruthy\u001b[2m()\u001b[22m\n\nReceived: \u001b[31mundefined\u001b[39m\n    at Object.toBeTruthy (/Users/talbronfer/Documents/Elevation/Projects/mobx1-lesson-exercises-ex-talbronfer/tests/exercises/ex-1.test.js:25:38)\n    at Object.asyncJestTest (/Users/talbronfer/Documents/Elevation/Projects/mobx1-lesson-exercises-ex-talbronfer/node_modules/jest-config/node_modules/jest-jasmine2/build/jasmineAsyncInstall.js:102:37)\n    at resolve (/Users/talbronfer/Documents/Elevation/Projects/mobx1-lesson-exercises-ex-talbronfer/node_modules/jest-config/node_modules/jest-jasmine2/build/queueRunner.js:41:12)\n    at new Promise (<anonymous>)\n    at mapper (/Users/talbronfer/Documents/Elevation/Projects/mobx1-lesson-exercises-ex-talbronfer/node_modules/jest-config/node_modules/jest-jasmine2/build/queueRunner.js:26:19)\n    at promise.then (/Users/talbronfer/Documents/Elevation/Projects/mobx1-lesson-exercises-ex-talbronfer/node_modules/jest-config/node_modules/jest-jasmine2/build/queueRunner.js:71:41)\n    at process._tickCallback (internal/process/next_tick.js:68:7)"],"fullName":"exercise1 addItem function should be a MobX action","location":null,"numPassingAsserts":0,"status":"failed","title":"addItem function should be a MobX action"}],"sourceMaps":{},"skipped":false,"leaks":false},{"console":null,"failureMessage":"\u001b[1m\u001b[31m  \u001b[1m● \u001b[1mexercise3 › The store should have an editItem function that edits the location of a given item\u001b[39m\u001b[22m\n\n    TypeError: Cannot read property 'addItem' of undefined\n\u001b[2m\u001b[22m\n\u001b[2m    \u001b[0m \u001b[90m  9 | \u001b[39mdescribe(\u001b[32m\"exercise3\"\u001b[39m\u001b[33m,\u001b[39m () \u001b[33m=>\u001b[39m {\u001b[0m\u001b[22m\n\u001b[2m    \u001b[0m \u001b[90m 10 | \u001b[39m    it (\u001b[32m'The store should have an editItem function that edits the location of a given item'\u001b[39m\u001b[33m,\u001b[39m () \u001b[33m=>\u001b[39m {\u001b[0m\u001b[22m\n\u001b[2m    \u001b[0m\u001b[31m\u001b[1m>\u001b[2m\u001b[39m\u001b[90m 11 | \u001b[39m        store\u001b[33m.\u001b[39maddItem(\u001b[32m\"test\"\u001b[39m)\u001b[0m\u001b[22m\n\u001b[2m    \u001b[0m \u001b[90m    | \u001b[39m              \u001b[31m\u001b[1m^\u001b[2m\u001b[39m\u001b[0m\u001b[22m\n\u001b[2m    \u001b[0m \u001b[90m 12 | \u001b[39m        store\u001b[33m.\u001b[39meditItem(\u001b[32m\"test\"\u001b[39m\u001b[33m,\u001b[39m \u001b[32m\"wonderland\"\u001b[39m)\u001b[0m\u001b[22m\n\u001b[2m    \u001b[0m \u001b[90m 13 | \u001b[39m        \u001b[36mconst\u001b[39m test \u001b[33m=\u001b[39m store\u001b[33m.\u001b[39mlist\u001b[33m.\u001b[39mfind(i \u001b[33m=>\u001b[39m i\u001b[33m.\u001b[39mname \u001b[33m===\u001b[39m \u001b[32m\"test\"\u001b[39m)\u001b[0m\u001b[22m\n\u001b[2m    \u001b[0m \u001b[90m 14 | \u001b[39m        expect(test\u001b[33m.\u001b[39mlocation)\u001b[33m.\u001b[39mtoBe(\u001b[32m\"wonderland\"\u001b[39m)\u001b[0m\u001b[22m\n\u001b[2m\u001b[22m\n\u001b[2m      \u001b[2mat Object.addItem (\u001b[2m\u001b[0m\u001b[36mtests/exercises/ex-3.test.js\u001b[39m\u001b[0m\u001b[2m:11:15)\u001b[2m\u001b[22m\n\n\u001b[1m\u001b[31m  \u001b[1m● \u001b[1mexercise3 › editItem function should be a MobX action\u001b[39m\u001b[22m\n\n    TypeError: Cannot read property 'editItem' of undefined\n\u001b[2m\u001b[22m\n\u001b[2m    \u001b[0m \u001b[90m 15 | \u001b[39m    })\u001b[0m\u001b[22m\n\u001b[2m    \u001b[0m \u001b[90m 16 | \u001b[39m    it (\u001b[32m'editItem function should be a MobX action'\u001b[39m\u001b[33m,\u001b[39m () \u001b[33m=>\u001b[39m {\u001b[0m\u001b[22m\n\u001b[2m    \u001b[0m\u001b[31m\u001b[1m>\u001b[2m\u001b[39m\u001b[90m 17 | \u001b[39m        expect(store\u001b[33m.\u001b[39meditItem\u001b[33m.\u001b[39misMobxAction)\u001b[33m.\u001b[39mtoBeTruthy()\u001b[0m\u001b[22m\n\u001b[2m    \u001b[0m \u001b[90m    | \u001b[39m                     \u001b[31m\u001b[1m^\u001b[2m\u001b[39m\u001b[0m\u001b[22m\n\u001b[2m    \u001b[0m \u001b[90m 18 | \u001b[39m    })\u001b[0m\u001b[22m\n\u001b[2m    \u001b[0m \u001b[90m 19 | \u001b[39m    it(\u001b[32m'Edit button should be rendered per each list item and work on click'\u001b[39m\u001b[33m,\u001b[39m () \u001b[33m=>\u001b[39m {\u001b[0m\u001b[22m\n\u001b[2m    \u001b[0m \u001b[90m 20 | \u001b[39m        \u001b[36mconst\u001b[39m wrapper \u001b[33m=\u001b[39m mount(\u001b[33m<\u001b[39m\u001b[33mApp\u001b[39m store \u001b[33m=\u001b[39m {store}\u001b[33m/\u001b[39m\u001b[33m>\u001b[39m)\u001b[0m\u001b[22m\n\u001b[2m\u001b[22m\n\u001b[2m      \u001b[2mat Object.editItem (\u001b[2m\u001b[0m\u001b[36mtests/exercises/ex-3.test.js\u001b[39m\u001b[0m\u001b[2m:17:22)\u001b[2m\u001b[22m\n\n\u001b[1m\u001b[31m  \u001b[1m● \u001b[1mexercise3 › Edit button should be rendered per each list item and work on click\u001b[39m\u001b[22m\n\n    Method “props” is meant to be run on 1 node. 0 found instead.\n\u001b[2m\u001b[22m\n\u001b[2m    \u001b[0m \u001b[90m 19 | \u001b[39m    it(\u001b[32m'Edit button should be rendered per each list item and work on click'\u001b[39m\u001b[33m,\u001b[39m () \u001b[33m=>\u001b[39m {\u001b[0m\u001b[22m\n\u001b[2m    \u001b[0m \u001b[90m 20 | \u001b[39m        \u001b[36mconst\u001b[39m wrapper \u001b[33m=\u001b[39m mount(\u001b[33m<\u001b[39m\u001b[33mApp\u001b[39m store \u001b[33m=\u001b[39m {store}\u001b[33m/\u001b[39m\u001b[33m>\u001b[39m)\u001b[0m\u001b[22m\n\u001b[2m    \u001b[0m\u001b[31m\u001b[1m>\u001b[2m\u001b[39m\u001b[90m 21 | \u001b[39m        let onClick \u001b[33m=\u001b[39m wrapper\u001b[33m.\u001b[39mfind(\u001b[32m'.editButton'\u001b[39m)\u001b[33m.\u001b[39mfirst()\u001b[33m.\u001b[39mprop(\u001b[32m'onClick'\u001b[39m)\u001b[0m\u001b[22m\n\u001b[2m    \u001b[0m \u001b[90m    | \u001b[39m                                                          \u001b[31m\u001b[1m^\u001b[2m\u001b[39m\u001b[0m\u001b[22m\n\u001b[2m    \u001b[0m \u001b[90m 22 | \u001b[39m        expect(onClick)\u001b[33m.\u001b[39mtoBeDefined()\u001b[0m\u001b[22m\n\u001b[2m    \u001b[0m \u001b[90m 23 | \u001b[39m    })\u001b[0m\u001b[22m\n\u001b[2m    \u001b[0m \u001b[90m 24 | \u001b[39m})\u001b[0m\u001b[22m\n\u001b[2m\u001b[22m\n\u001b[2m      \u001b[2mat ReactWrapper.single (\u001b[2mnode_modules/enzyme/build/ReactWrapper.js\u001b[2m:1718:17)\u001b[2m\u001b[22m\n\u001b[2m      \u001b[2mat ReactWrapper.props (\u001b[2mnode_modules/enzyme/build/ReactWrapper.js\u001b[2m:1013:21)\u001b[2m\u001b[22m\n\u001b[2m      \u001b[2mat ReactWrapper.prop (\u001b[2mnode_modules/enzyme/build/ReactWrapper.js\u001b[2m:1207:21)\u001b[2m\u001b[22m\n\u001b[2m      \u001b[2mat Object.prop (\u001b[2m\u001b[0m\u001b[36mtests/exercises/ex-3.test.js\u001b[39m\u001b[0m\u001b[2m:21:59)\u001b[2m\u001b[22m\n","numFailingTests":3,"numPassingTests":0,"numPendingTests":0,"numTodoTests":0,"perfStats":{"end":1553172434789,"start":1553172432297},"snapshot":{"added":0,"fileDeleted":false,"matched":0,"unchecked":0,"unmatched":0,"updated":0,"uncheckedKeys":[]},"testFilePath":"/Users/talbronfer/Documents/Elevation/Projects/mobx1-lesson-exercises-ex-talbronfer/tests/exercises/ex-3.test.js","testResults":[{"ancestorTitles":["exercise3"],"duration":4,"failureMessages":["TypeError: Cannot read property 'addItem' of undefined\n    at Object.addItem (/Users/talbronfer/Documents/Elevation/Projects/mobx1-lesson-exercises-ex-talbronfer/tests/exercises/ex-3.test.js:11:15)\n    at Object.asyncJestTest (/Users/talbronfer/Documents/Elevation/Projects/mobx1-lesson-exercises-ex-talbronfer/node_modules/jest-config/node_modules/jest-jasmine2/build/jasmineAsyncInstall.js:102:37)\n    at resolve (/Users/talbronfer/Documents/Elevation/Projects/mobx1-lesson-exercises-ex-talbronfer/node_modules/jest-config/node_modules/jest-jasmine2/build/queueRunner.js:41:12)\n    at new Promise (<anonymous>)\n    at mapper (/Users/talbronfer/Documents/Elevation/Projects/mobx1-lesson-exercises-ex-talbronfer/node_modules/jest-config/node_modules/jest-jasmine2/build/queueRunner.js:26:19)\n    at promise.then (/Users/talbronfer/Documents/Elevation/Projects/mobx1-lesson-exercises-ex-talbronfer/node_modules/jest-config/node_modules/jest-jasmine2/build/queueRunner.js:71:41)\n    at process._tickCallback (internal/process/next_tick.js:68:7)"],"fullName":"exercise3 The store should have an editItem function that edits the location of a given item","location":null,"numPassingAsserts":0,"status":"failed","title":"The store should have an editItem function that edits the location of a given item"},{"ancestorTitles":["exercise3"],"duration":1,"failureMessages":["TypeError: Cannot read property 'editItem' of undefined\n    at Object.editItem (/Users/talbronfer/Documents/Elevation/Projects/mobx1-lesson-exercises-ex-talbronfer/tests/exercises/ex-3.test.js:17:22)\n    at Object.asyncJestTest (/Users/talbronfer/Documents/Elevation/Projects/mobx1-lesson-exercises-ex-talbronfer/node_modules/jest-config/node_modules/jest-jasmine2/build/jasmineAsyncInstall.js:102:37)\n    at resolve (/Users/talbronfer/Documents/Elevation/Projects/mobx1-lesson-exercises-ex-talbronfer/node_modules/jest-config/node_modules/jest-jasmine2/build/queueRunner.js:41:12)\n    at new Promise (<anonymous>)\n    at mapper (/Users/talbronfer/Documents/Elevation/Projects/mobx1-lesson-exercises-ex-talbronfer/node_modules/jest-config/node_modules/jest-jasmine2/build/queueRunner.js:26:19)\n    at promise.then (/Users/talbronfer/Documents/Elevation/Projects/mobx1-lesson-exercises-ex-talbronfer/node_modules/jest-config/node_modules/jest-jasmine2/build/queueRunner.js:71:41)\n    at process._tickCallback (internal/process/next_tick.js:68:7)"],"fullName":"exercise3 editItem function should be a MobX action","location":null,"numPassingAsserts":0,"status":"failed","title":"editItem function should be a MobX action"},{"ancestorTitles":["exercise3"],"duration":49,"failureMessages":["Error: Method “props” is meant to be run on 1 node. 0 found instead.\n    at ReactWrapper.single (/Users/talbronfer/Documents/Elevation/Projects/mobx1-lesson-exercises-ex-talbronfer/node_modules/enzyme/build/ReactWrapper.js:1718:17)\n    at ReactWrapper.props (/Users/talbronfer/Documents/Elevation/Projects/mobx1-lesson-exercises-ex-talbronfer/node_modules/enzyme/build/ReactWrapper.js:1013:21)\n    at ReactWrapper.prop (/Users/talbronfer/Documents/Elevation/Projects/mobx1-lesson-exercises-ex-talbronfer/node_modules/enzyme/build/ReactWrapper.js:1207:21)\n    at Object.prop (/Users/talbronfer/Documents/Elevation/Projects/mobx1-lesson-exercises-ex-talbronfer/tests/exercises/ex-3.test.js:21:59)\n    at Object.asyncJestTest (/Users/talbronfer/Documents/Elevation/Projects/mobx1-lesson-exercises-ex-talbronfer/node_modules/jest-config/node_modules/jest-jasmine2/build/jasmineAsyncInstall.js:102:37)\n    at resolve (/Users/talbronfer/Documents/Elevation/Projects/mobx1-lesson-exercises-ex-talbronfer/node_modules/jest-config/node_modules/jest-jasmine2/build/queueRunner.js:41:12)\n    at new Promise (<anonymous>)\n    at mapper (/Users/talbronfer/Documents/Elevation/Projects/mobx1-lesson-exercises-ex-talbronfer/node_modules/jest-config/node_modules/jest-jasmine2/build/queueRunner.js:26:19)\n    at promise.then (/Users/talbronfer/Documents/Elevation/Projects/mobx1-lesson-exercises-ex-talbronfer/node_modules/jest-config/node_modules/jest-jasmine2/build/queueRunner.js:71:41)\n    at process._tickCallback (internal/process/next_tick.js:68:7)"],"fullName":"exercise3 Edit button should be rendered per each list item and work on click","location":null,"numPassingAsserts":0,"status":"failed","title":"Edit button should be rendered per each list item and work on click"}],"sourceMaps":{},"skipped":false,"leaks":false},{"console":null,"failureMessage":"\u001b[1m\u001b[31m  \u001b[1m● \u001b[1mexercise1 › App is reading the mobx store list property\u001b[39m\u001b[22m\n\n    TypeError: Cannot read property 'list' of undefined\n\u001b[2m\u001b[22m\n\u001b[2m    \u001b[0m \u001b[90m 19 | \u001b[39m        \u001b[36mconst\u001b[39m wrapper \u001b[33m=\u001b[39m mount(\u001b[33m<\u001b[39m\u001b[33mApp\u001b[39m store \u001b[33m=\u001b[39m{store}\u001b[33m/\u001b[39m\u001b[33m>\u001b[39m)\u001b[33m;\u001b[39m\u001b[0m\u001b[22m\n\u001b[2m    \u001b[0m \u001b[90m 20 | \u001b[39m        console\u001b[33m.\u001b[39mlog(wrapper\u001b[33m.\u001b[39mprops)\u001b[0m\u001b[22m\n\u001b[2m    \u001b[0m\u001b[31m\u001b[1m>\u001b[2m\u001b[39m\u001b[90m 21 | \u001b[39m        expect(wrapper\u001b[33m.\u001b[39mprops()\u001b[33m.\u001b[39mstore\u001b[33m.\u001b[39mlist)\u001b[33m.\u001b[39mtoBeDefined()\u001b[33m;\u001b[39m\u001b[0m\u001b[22m\n\u001b[2m    \u001b[0m \u001b[90m    | \u001b[39m               \u001b[31m\u001b[1m^\u001b[2m\u001b[39m\u001b[0m\u001b[22m\n\u001b[2m    \u001b[0m \u001b[90m 22 | \u001b[39m    })\u001b[33m;\u001b[39m\u001b[0m\u001b[22m\n\u001b[2m    \u001b[0m \u001b[90m 23 | \u001b[39m})\u001b[0m\u001b[22m\n\u001b[2m    \u001b[0m \u001b[90m 24 | \u001b[39m\u001b[0m\u001b[22m\n\u001b[2m\u001b[22m\n\u001b[2m      \u001b[2mat Object.<anonymous> (\u001b[2m\u001b[0m\u001b[36mtests/spot-check-2/ex-1.test.js\u001b[39m\u001b[0m\u001b[2m:21:16)\u001b[2m\u001b[22m\n","numFailingTests":1,"numPassingTests":1,"numPendingTests":0,"numTodoTests":0,"perfStats":{"end":1553172435020,"start":1553172434716},"snapshot":{"added":0,"fileDeleted":false,"matched":0,"unchecked":0,"unmatched":0,"updated":0,"uncheckedKeys":[]},"testFilePath":"/Users/talbronfer/Documents/Elevation/Projects/mobx1-lesson-exercises-ex-talbronfer/tests/spot-check-2/ex-1.test.js","testResults":[{"ancestorTitles":["exercise1"],"duration":2,"failureMessages":[],"fullName":"exercise1 Application should render without crashing","location":null,"numPassingAsserts":0,"status":"passed","title":"Application should render without crashing"},{"ancestorTitles":["exercise1"],"duration":23,"failureMessages":["TypeError: Cannot read property 'list' of undefined\n    at Object.<anonymous> (/Users/talbronfer/Documents/Elevation/Projects/mobx1-lesson-exercises-ex-talbronfer/tests/spot-check-2/ex-1.test.js:21:16)\n    at Object.asyncJestTest (/Users/talbronfer/Documents/Elevation/Projects/mobx1-lesson-exercises-ex-talbronfer/node_modules/jest-config/node_modules/jest-jasmine2/build/jasmineAsyncInstall.js:102:37)\n    at resolve (/Users/talbronfer/Documents/Elevation/Projects/mobx1-lesson-exercises-ex-talbronfer/node_modules/jest-config/node_modules/jest-jasmine2/build/queueRunner.js:41:12)\n    at new Promise (<anonymous>)\n    at mapper (/Users/talbronfer/Documents/Elevation/Projects/mobx1-lesson-exercises-ex-talbronfer/node_modules/jest-config/node_modules/jest-jasmine2/build/queueRunner.js:26:19)\n    at promise.then (/Users/talbronfer/Documents/Elevation/Projects/mobx1-lesson-exercises-ex-talbronfer/node_modules/jest-config/node_modules/jest-jasmine2/build/queueRunner.js:71:41)\n    at process._tickCallback (internal/process/next_tick.js:68:7)"],"fullName":"exercise1 App is reading the mobx store list property","location":null,"numPassingAsserts":0,"status":"failed","title":"App is reading the mobx store list property"}],"sourceMaps":{},"skipped":false,"leaks":false},{"console":null,"failureMessage":"\u001b[1m\u001b[31m  \u001b[1m● \u001b[1mexercise2 › Each item should have a location property\u001b[39m\u001b[22m\n\n    TypeError: Cannot read property 'list' of undefined\n\u001b[2m\u001b[22m\n\u001b[2m    \u001b[0m \u001b[90m 10 | \u001b[39mdescribe(\u001b[32m\"exercise2\"\u001b[39m\u001b[33m,\u001b[39m () \u001b[33m=>\u001b[39m {\u001b[0m\u001b[22m\n\u001b[2m    \u001b[0m \u001b[90m 11 | \u001b[39m    it(\u001b[32m'Each item should have a location property'\u001b[39m\u001b[33m,\u001b[39m () \u001b[33m=>\u001b[39m {\u001b[0m\u001b[22m\n\u001b[2m    \u001b[0m\u001b[31m\u001b[1m>\u001b[2m\u001b[39m\u001b[90m 12 | \u001b[39m        store\u001b[33m.\u001b[39mlist\u001b[33m.\u001b[39mforEach(i \u001b[33m=>\u001b[39m {\u001b[0m\u001b[22m\n\u001b[2m    \u001b[0m \u001b[90m    | \u001b[39m              \u001b[31m\u001b[1m^\u001b[2m\u001b[39m\u001b[0m\u001b[22m\n\u001b[2m    \u001b[0m \u001b[90m 13 | \u001b[39m            expect(i\u001b[33m.\u001b[39mlocation)\u001b[33m.\u001b[39mtoBeTruthy()\u001b[0m\u001b[22m\n\u001b[2m    \u001b[0m \u001b[90m 14 | \u001b[39m            expect(isObservableProp(i\u001b[33m,\u001b[39m \u001b[32m\"location\"\u001b[39m)\u001b[33m,\u001b[39m \u001b[32m'The location property should be observable'\u001b[39m)\u001b[33m.\u001b[39mtoBeTruthy()\u001b[0m\u001b[22m\n\u001b[2m    \u001b[0m \u001b[90m 15 | \u001b[39m        })\u001b[0m\u001b[22m\n\u001b[2m\u001b[22m\n\u001b[2m      \u001b[2mat Object.list (\u001b[2m\u001b[0m\u001b[36mtests/exercises/ex-2.test.js\u001b[39m\u001b[0m\u001b[2m:12:15)\u001b[2m\u001b[22m\n\n\u001b[1m\u001b[31m  \u001b[1m● \u001b[1mexercise2 › The location property should have a default value of \"Super Sell\"\u001b[39m\u001b[22m\n\n    TypeError: Cannot read property 'addItem' of undefined\n\u001b[2m\u001b[22m\n\u001b[2m    \u001b[0m \u001b[90m 16 | \u001b[39m    })\u001b[0m\u001b[22m\n\u001b[2m    \u001b[0m \u001b[90m 17 | \u001b[39m    it(\u001b[32m'The location property should have a default value of \"Super Sell\"'\u001b[39m\u001b[33m,\u001b[39m () \u001b[33m=>\u001b[39m {\u001b[0m\u001b[22m\n\u001b[2m    \u001b[0m\u001b[31m\u001b[1m>\u001b[2m\u001b[39m\u001b[90m 18 | \u001b[39m        store\u001b[33m.\u001b[39maddItem(\u001b[32m\"test\"\u001b[39m)\u001b[0m\u001b[22m\n\u001b[2m    \u001b[0m \u001b[90m    | \u001b[39m              \u001b[31m\u001b[1m^\u001b[2m\u001b[39m\u001b[0m\u001b[22m\n\u001b[2m    \u001b[0m \u001b[90m 19 | \u001b[39m        let test \u001b[33m=\u001b[39m store\u001b[33m.\u001b[39mlist\u001b[33m.\u001b[39mfind(i \u001b[33m=>\u001b[39m i\u001b[33m.\u001b[39mname \u001b[33m===\u001b[39m \u001b[32m\"test\"\u001b[39m)\u001b[0m\u001b[22m\n\u001b[2m    \u001b[0m \u001b[90m 20 | \u001b[39m        expect(test\u001b[33m.\u001b[39mlocation)\u001b[33m.\u001b[39mtoBe(\u001b[32m\"Super Sell\"\u001b[39m)\u001b[0m\u001b[22m\n\u001b[2m    \u001b[0m \u001b[90m 21 | \u001b[39m    })\u001b[0m\u001b[22m\n\u001b[2m\u001b[22m\n\u001b[2m      \u001b[2mat Object.addItem (\u001b[2m\u001b[0m\u001b[36mtests/exercises/ex-2.test.js\u001b[39m\u001b[0m\u001b[2m:18:15)\u001b[2m\u001b[22m\n\n\u001b[1m\u001b[31m  \u001b[1m● \u001b[1mexercise2 › the location should be rendered next to each item\u001b[39m\u001b[22m\n\n    \u001b[2mexpect(\u001b[22m\u001b[31mreceived\u001b[39m\u001b[2m).\u001b[22mtoBeTruthy\u001b[2m()\u001b[22m\n\n    Received: \u001b[31mnull\u001b[39m\n\u001b[2m\u001b[22m\n\u001b[2m    \u001b[0m \u001b[90m 24 | \u001b[39m        let location \u001b[33m=\u001b[39m wrapper\u001b[33m.\u001b[39mfind(\u001b[32m'.location'\u001b[39m)\u001b[33m.\u001b[39mfirst()\u001b[33m.\u001b[39mhtml()\u001b[0m\u001b[22m\n\u001b[2m    \u001b[0m \u001b[90m 25 | \u001b[39m        console\u001b[33m.\u001b[39mlog(location)\u001b[0m\u001b[22m\n\u001b[2m    \u001b[0m\u001b[31m\u001b[1m>\u001b[2m\u001b[39m\u001b[90m 26 | \u001b[39m        expect(location)\u001b[33m.\u001b[39mtoBeTruthy()\u001b[0m\u001b[22m\n\u001b[2m    \u001b[0m \u001b[90m    | \u001b[39m                         \u001b[31m\u001b[1m^\u001b[2m\u001b[39m\u001b[0m\u001b[22m\n\u001b[2m    \u001b[0m \u001b[90m 27 | \u001b[39m    })\u001b[0m\u001b[22m\n\u001b[2m    \u001b[0m \u001b[90m 28 | \u001b[39m})\u001b[0m\u001b[22m\n\u001b[2m\u001b[22m\n\u001b[2m      \u001b[2mat Object.toBeTruthy (\u001b[2m\u001b[0m\u001b[36mtests/exercises/ex-2.test.js\u001b[39m\u001b[0m\u001b[2m:26:26)\u001b[2m\u001b[22m\n","numFailingTests":3,"numPassingTests":0,"numPendingTests":0,"numTodoTests":0,"perfStats":{"end":1553172435092,"start":1553172434265},"snapshot":{"added":0,"fileDeleted":false,"matched":0,"unchecked":0,"unmatched":0,"updated":0,"uncheckedKeys":[]},"testFilePath":"/Users/talbronfer/Documents/Elevation/Projects/mobx1-lesson-exercises-ex-talbronfer/tests/exercises/ex-2.test.js","testResults":[{"ancestorTitles":["exercise2"],"duration":1,"failureMessages":["TypeError: Cannot read property 'list' of undefined\n    at Object.list (/Users/talbronfer/Documents/Elevation/Projects/mobx1-lesson-exercises-ex-talbronfer/tests/exercises/ex-2.test.js:12:15)\n    at Object.asyncJestTest (/Users/talbronfer/Documents/Elevation/Projects/mobx1-lesson-exercises-ex-talbronfer/node_modules/jest-config/node_modules/jest-jasmine2/build/jasmineAsyncInstall.js:102:37)\n    at resolve (/Users/talbronfer/Documents/Elevation/Projects/mobx1-lesson-exercises-ex-talbronfer/node_modules/jest-config/node_modules/jest-jasmine2/build/queueRunner.js:41:12)\n    at new Promise (<anonymous>)\n    at mapper (/Users/talbronfer/Documents/Elevation/Projects/mobx1-lesson-exercises-ex-talbronfer/node_modules/jest-config/node_modules/jest-jasmine2/build/queueRunner.js:26:19)\n    at promise.then (/Users/talbronfer/Documents/Elevation/Projects/mobx1-lesson-exercises-ex-talbronfer/node_modules/jest-config/node_modules/jest-jasmine2/build/queueRunner.js:71:41)\n    at process._tickCallback (internal/process/next_tick.js:68:7)"],"fullName":"exercise2 Each item should have a location property","location":null,"numPassingAsserts":0,"status":"failed","title":"Each item should have a location property"},{"ancestorTitles":["exercise2"],"duration":0,"failureMessages":["TypeError: Cannot read property 'addItem' of undefined\n    at Object.addItem (/Users/talbronfer/Documents/Elevation/Projects/mobx1-lesson-exercises-ex-talbronfer/tests/exercises/ex-2.test.js:18:15)\n    at Object.asyncJestTest (/Users/talbronfer/Documents/Elevation/Projects/mobx1-lesson-exercises-ex-talbronfer/node_modules/jest-config/node_modules/jest-jasmine2/build/jasmineAsyncInstall.js:102:37)\n    at resolve (/Users/talbronfer/Documents/Elevation/Projects/mobx1-lesson-exercises-ex-talbronfer/node_modules/jest-config/node_modules/jest-jasmine2/build/queueRunner.js:41:12)\n    at new Promise (<anonymous>)\n    at mapper (/Users/talbronfer/Documents/Elevation/Projects/mobx1-lesson-exercises-ex-talbronfer/node_modules/jest-config/node_modules/jest-jasmine2/build/queueRunner.js:26:19)\n    at promise.then (/Users/talbronfer/Documents/Elevation/Projects/mobx1-lesson-exercises-ex-talbronfer/node_modules/jest-config/node_modules/jest-jasmine2/build/queueRunner.js:71:41)\n    at process._tickCallback (internal/process/next_tick.js:68:7)"],"fullName":"exercise2 The location property should have a default value of \"Super Sell\"","location":null,"numPassingAsserts":0,"status":"failed","title":"The location property should have a default value of \"Super Sell\""},{"ancestorTitles":["exercise2"],"duration":37,"failureMessages":["Error: \u001b[2mexpect(\u001b[22m\u001b[31mreceived\u001b[39m\u001b[2m).\u001b[22mtoBeTruthy\u001b[2m()\u001b[22m\n\nReceived: \u001b[31mnull\u001b[39m\n    at Object.toBeTruthy (/Users/talbronfer/Documents/Elevation/Projects/mobx1-lesson-exercises-ex-talbronfer/tests/exercises/ex-2.test.js:26:26)\n    at Object.asyncJestTest (/Users/talbronfer/Documents/Elevation/Projects/mobx1-lesson-exercises-ex-talbronfer/node_modules/jest-config/node_modules/jest-jasmine2/build/jasmineAsyncInstall.js:102:37)\n    at resolve (/Users/talbronfer/Documents/Elevation/Projects/mobx1-lesson-exercises-ex-talbronfer/node_modules/jest-config/node_modules/jest-jasmine2/build/queueRunner.js:41:12)\n    at new Promise (<anonymous>)\n    at mapper (/Users/talbronfer/Documents/Elevation/Projects/mobx1-lesson-exercises-ex-talbronfer/node_modules/jest-config/node_modules/jest-jasmine2/build/queueRunner.js:26:19)\n    at promise.then (/Users/talbronfer/Documents/Elevation/Projects/mobx1-lesson-exercises-ex-talbronfer/node_modules/jest-config/node_modules/jest-jasmine2/build/queueRunner.js:71:41)\n    at process._tickCallback (internal/process/next_tick.js:68:7)"],"fullName":"exercise2 the location should be rendered next to each item","location":null,"numPassingAsserts":0,"status":"failed","title":"the location should be rendered next to each item"}],"sourceMaps":{},"skipped":false,"leaks":false},{"console":null,"failureMessage":null,"numFailingTests":0,"numPassingTests":1,"numPendingTests":0,"numTodoTests":0,"perfStats":{"end":1553172435178,"start":1553172435028},"snapshot":{"added":0,"fileDeleted":false,"matched":0,"unchecked":0,"unmatched":0,"updated":0,"uncheckedKeys":[]},"testFilePath":"/Users/talbronfer/Documents/Elevation/Projects/mobx1-lesson-exercises-ex-talbronfer/src/App.test.js","testResults":[{"ancestorTitles":[],"duration":2,"failureMessages":[],"fullName":"renders without crashing","location":null,"numPassingAsserts":0,"status":"passed","title":"renders without crashing"}],"sourceMaps":{},"skipped":false,"leaks":false},{"console":null,"failureMessage":"\u001b[1m\u001b[31m  \u001b[1m● \u001b[1mexercise4 › The store should have a deleteItem function that deletes an item from the list\u001b[39m\u001b[22m\n\n    TypeError: Cannot read property 'addItem' of undefined\n\u001b[2m\u001b[22m\n\u001b[2m    \u001b[0m \u001b[90m  9 | \u001b[39mdescribe(\u001b[32m\"exercise4\"\u001b[39m\u001b[33m,\u001b[39m () \u001b[33m=>\u001b[39m {\u001b[0m\u001b[22m\n\u001b[2m    \u001b[0m \u001b[90m 10 | \u001b[39m    it (\u001b[32m'The store should have a deleteItem function that deletes an item from the list'\u001b[39m\u001b[33m,\u001b[39m () \u001b[33m=>\u001b[39m {\u001b[0m\u001b[22m\n\u001b[2m    \u001b[0m\u001b[31m\u001b[1m>\u001b[2m\u001b[39m\u001b[90m 11 | \u001b[39m        store\u001b[33m.\u001b[39maddItem(\u001b[32m\"test\"\u001b[39m)\u001b[0m\u001b[22m\n\u001b[2m    \u001b[0m \u001b[90m    | \u001b[39m              \u001b[31m\u001b[1m^\u001b[2m\u001b[39m\u001b[0m\u001b[22m\n\u001b[2m    \u001b[0m \u001b[90m 12 | \u001b[39m        store\u001b[33m.\u001b[39mdeleteItem(\u001b[32m\"test\"\u001b[39m)\u001b[0m\u001b[22m\n\u001b[2m    \u001b[0m \u001b[90m 13 | \u001b[39m        \u001b[36mconst\u001b[39m test \u001b[33m=\u001b[39m store\u001b[33m.\u001b[39mlist\u001b[33m.\u001b[39mfind(i \u001b[33m=>\u001b[39m i\u001b[33m.\u001b[39mname \u001b[33m===\u001b[39m \u001b[32m\"test\"\u001b[39m)\u001b[0m\u001b[22m\n\u001b[2m    \u001b[0m \u001b[90m 14 | \u001b[39m        expect(test)\u001b[33m.\u001b[39mtoBeFalsy()\u001b[0m\u001b[22m\n\u001b[2m\u001b[22m\n\u001b[2m      \u001b[2mat Object.addItem (\u001b[2m\u001b[0m\u001b[36mtests/exercises/ex-4.test.js\u001b[39m\u001b[0m\u001b[2m:11:15)\u001b[2m\u001b[22m\n\n\u001b[1m\u001b[31m  \u001b[1m● \u001b[1mexercise4 › deleteItem function should be a MobX action\u001b[39m\u001b[22m\n\n    TypeError: Cannot read property 'deleteItem' of undefined\n\u001b[2m\u001b[22m\n\u001b[2m    \u001b[0m \u001b[90m 15 | \u001b[39m    })\u001b[0m\u001b[22m\n\u001b[2m    \u001b[0m \u001b[90m 16 | \u001b[39m    it (\u001b[32m'deleteItem function should be a MobX action'\u001b[39m\u001b[33m,\u001b[39m () \u001b[33m=>\u001b[39m {\u001b[0m\u001b[22m\n\u001b[2m    \u001b[0m\u001b[31m\u001b[1m>\u001b[2m\u001b[39m\u001b[90m 17 | \u001b[39m        expect(store\u001b[33m.\u001b[39mdeleteItem\u001b[33m.\u001b[39misMobxAction)\u001b[33m.\u001b[39mtoBeTruthy()\u001b[0m\u001b[22m\n\u001b[2m    \u001b[0m \u001b[90m    | \u001b[39m                     \u001b[31m\u001b[1m^\u001b[2m\u001b[39m\u001b[0m\u001b[22m\n\u001b[2m    \u001b[0m \u001b[90m 18 | \u001b[39m    })\u001b[0m\u001b[22m\n\u001b[2m    \u001b[0m \u001b[90m 19 | \u001b[39m    it(\u001b[32m'delete button should be rendered per each list item and work on click'\u001b[39m\u001b[33m,\u001b[39m () \u001b[33m=>\u001b[39m {\u001b[0m\u001b[22m\n\u001b[2m    \u001b[0m \u001b[90m 20 | \u001b[39m        \u001b[36mconst\u001b[39m wrapper \u001b[33m=\u001b[39m mount(\u001b[33m<\u001b[39m\u001b[33mApp\u001b[39m store \u001b[33m=\u001b[39m {store}\u001b[33m/\u001b[39m\u001b[33m>\u001b[39m)\u001b[0m\u001b[22m\n\u001b[2m\u001b[22m\n\u001b[2m      \u001b[2mat Object.deleteItem (\u001b[2m\u001b[0m\u001b[36mtests/exercises/ex-4.test.js\u001b[39m\u001b[0m\u001b[2m:17:22)\u001b[2m\u001b[22m\n\n\u001b[1m\u001b[31m  \u001b[1m● \u001b[1mexercise4 › delete button should be rendered per each list item and work on click\u001b[39m\u001b[22m\n\n    Method “props” is meant to be run on 1 node. 0 found instead.\n\u001b[2m\u001b[22m\n\u001b[2m    \u001b[0m \u001b[90m 19 | \u001b[39m    it(\u001b[32m'delete button should be rendered per each list item and work on click'\u001b[39m\u001b[33m,\u001b[39m () \u001b[33m=>\u001b[39m {\u001b[0m\u001b[22m\n\u001b[2m    \u001b[0m \u001b[90m 20 | \u001b[39m        \u001b[36mconst\u001b[39m wrapper \u001b[33m=\u001b[39m mount(\u001b[33m<\u001b[39m\u001b[33mApp\u001b[39m store \u001b[33m=\u001b[39m {store}\u001b[33m/\u001b[39m\u001b[33m>\u001b[39m)\u001b[0m\u001b[22m\n\u001b[2m    \u001b[0m\u001b[31m\u001b[1m>\u001b[2m\u001b[39m\u001b[90m 21 | \u001b[39m        let selected \u001b[33m=\u001b[39m wrapper\u001b[33m.\u001b[39mfind(\u001b[32m\".listItem\"\u001b[39m)\u001b[33m.\u001b[39mfirst()\u001b[33m.\u001b[39mprops()\u001b[33m.\u001b[39mvalue\u001b[0m\u001b[22m\n\u001b[2m    \u001b[0m \u001b[90m    | \u001b[39m                                                         \u001b[31m\u001b[1m^\u001b[2m\u001b[39m\u001b[0m\u001b[22m\n\u001b[2m    \u001b[0m \u001b[90m 22 | \u001b[39m        expect(selected)\u001b[33m.\u001b[39mtoBe(\u001b[32m'Potatoes'\u001b[39m)\u001b[0m\u001b[22m\n\u001b[2m    \u001b[0m \u001b[90m 23 | \u001b[39m        wrapper\u001b[33m.\u001b[39mfind(\u001b[32m'.deleteButton'\u001b[39m)\u001b[33m.\u001b[39mfirst()\u001b[33m.\u001b[39msimulate(\u001b[32m'click'\u001b[39m)\u001b[0m\u001b[22m\n\u001b[2m    \u001b[0m \u001b[90m 24 | \u001b[39m        expect(wrapper\u001b[33m.\u001b[39mfind(\u001b[32m\".listItem\"\u001b[39m)\u001b[33m.\u001b[39mfirst()\u001b[33m.\u001b[39mprops()\u001b[33m.\u001b[39mvalue)\u001b[33m.\u001b[39mnot\u001b[33m.\u001b[39mtoBe(selected)\u001b[0m\u001b[22m\n\u001b[2m\u001b[22m\n\u001b[2m      \u001b[2mat ReactWrapper.single (\u001b[2mnode_modules/enzyme/build/ReactWrapper.js\u001b[2m:1718:17)\u001b[2m\u001b[22m\n\u001b[2m      \u001b[2mat ReactWrapper.props (\u001b[2mnode_modules/enzyme/build/ReactWrapper.js\u001b[2m:1013:21)\u001b[2m\u001b[22m\n\u001b[2m      \u001b[2mat Object.props (\u001b[2m\u001b[0m\u001b[36mtests/exercises/ex-4.test.js\u001b[39m\u001b[0m\u001b[2m:21:58)\u001b[2m\u001b[22m\n","numFailingTests":3,"numPassingTests":0,"numPendingTests":0,"numTodoTests":0,"perfStats":{"end":1553172435195,"start":1553172434819},"snapshot":{"added":0,"fileDeleted":false,"matched":0,"unchecked":0,"unmatched":0,"updated":0,"uncheckedKeys":[]},"testFilePath":"/Users/talbronfer/Documents/Elevation/Projects/mobx1-lesson-exercises-ex-talbronfer/tests/exercises/ex-4.test.js","testResults":[{"ancestorTitles":["exercise4"],"duration":1,"failureMessages":["TypeError: Cannot read property 'addItem' of undefined\n    at Object.addItem (/Users/talbronfer/Documents/Elevation/Projects/mobx1-lesson-exercises-ex-talbronfer/tests/exercises/ex-4.test.js:11:15)\n    at Object.asyncJestTest (/Users/talbronfer/Documents/Elevation/Projects/mobx1-lesson-exercises-ex-talbronfer/node_modules/jest-config/node_modules/jest-jasmine2/build/jasmineAsyncInstall.js:102:37)\n    at resolve (/Users/talbronfer/Documents/Elevation/Projects/mobx1-lesson-exercises-ex-talbronfer/node_modules/jest-config/node_modules/jest-jasmine2/build/queueRunner.js:41:12)\n    at new Promise (<anonymous>)\n    at mapper (/Users/talbronfer/Documents/Elevation/Projects/mobx1-lesson-exercises-ex-talbronfer/node_modules/jest-config/node_modules/jest-jasmine2/build/queueRunner.js:26:19)\n    at promise.then (/Users/talbronfer/Documents/Elevation/Projects/mobx1-lesson-exercises-ex-talbronfer/node_modules/jest-config/node_modules/jest-jasmine2/build/queueRunner.js:71:41)\n    at process._tickCallback (internal/process/next_tick.js:68:7)"],"fullName":"exercise4 The store should have a deleteItem function that deletes an item from the list","location":null,"numPassingAsserts":0,"status":"failed","title":"The store should have a deleteItem function that deletes an item from the list"},{"ancestorTitles":["exercise4"],"duration":1,"failureMessages":["TypeError: Cannot read property 'deleteItem' of undefined\n    at Object.deleteItem (/Users/talbronfer/Documents/Elevation/Projects/mobx1-lesson-exercises-ex-talbronfer/tests/exercises/ex-4.test.js:17:22)\n    at Object.asyncJestTest (/Users/talbronfer/Documents/Elevation/Projects/mobx1-lesson-exercises-ex-talbronfer/node_modules/jest-config/node_modules/jest-jasmine2/build/jasmineAsyncInstall.js:102:37)\n    at resolve (/Users/talbronfer/Documents/Elevation/Projects/mobx1-lesson-exercises-ex-talbronfer/node_modules/jest-config/node_modules/jest-jasmine2/build/queueRunner.js:41:12)\n    at new Promise (<anonymous>)\n    at mapper (/Users/talbronfer/Documents/Elevation/Projects/mobx1-lesson-exercises-ex-talbronfer/node_modules/jest-config/node_modules/jest-jasmine2/build/queueRunner.js:26:19)\n    at promise.then (/Users/talbronfer/Documents/Elevation/Projects/mobx1-lesson-exercises-ex-talbronfer/node_modules/jest-config/node_modules/jest-jasmine2/build/queueRunner.js:71:41)\n    at process._tickCallback (internal/process/next_tick.js:68:7)"],"fullName":"exercise4 deleteItem function should be a MobX action","location":null,"numPassingAsserts":0,"status":"failed","title":"deleteItem function should be a MobX action"},{"ancestorTitles":["exercise4"],"duration":12,"failureMessages":["Error: Method “props” is meant to be run on 1 node. 0 found instead.\n    at ReactWrapper.single (/Users/talbronfer/Documents/Elevation/Projects/mobx1-lesson-exercises-ex-talbronfer/node_modules/enzyme/build/ReactWrapper.js:1718:17)\n    at ReactWrapper.props (/Users/talbronfer/Documents/Elevation/Projects/mobx1-lesson-exercises-ex-talbronfer/node_modules/enzyme/build/ReactWrapper.js:1013:21)\n    at Object.props (/Users/talbronfer/Documents/Elevation/Projects/mobx1-lesson-exercises-ex-talbronfer/tests/exercises/ex-4.test.js:21:58)\n    at Object.asyncJestTest (/Users/talbronfer/Documents/Elevation/Projects/mobx1-lesson-exercises-ex-talbronfer/node_modules/jest-config/node_modules/jest-jasmine2/build/jasmineAsyncInstall.js:102:37)\n    at resolve (/Users/talbronfer/Documents/Elevation/Projects/mobx1-lesson-exercises-ex-talbronfer/node_modules/jest-config/node_modules/jest-jasmine2/build/queueRunner.js:41:12)\n    at new Promise (<anonymous>)\n    at mapper (/Users/talbronfer/Documents/Elevation/Projects/mobx1-lesson-exercises-ex-talbronfer/node_modules/jest-config/node_modules/jest-jasmine2/build/queueRunner.js:26:19)\n    at promise.then (/Users/talbronfer/Documents/Elevation/Projects/mobx1-lesson-exercises-ex-talbronfer/node_modules/jest-config/node_modules/jest-jasmine2/build/queueRunner.js:71:41)\n    at process._tickCallback (internal/process/next_tick.js:68:7)"],"fullName":"exercise4 delete button should be rendered per each list item and work on click","location":null,"numPassingAsserts":0,"status":"failed","title":"delete button should be rendered per each list item and work on click"}],"sourceMaps":{},"skipped":false,"leaks":false}],"wasInterrupted":false}