{"numFailedTestSuites":0,"numFailedTests":0,"numPassedTestSuites":8,"numPassedTests":19,"numPendingTestSuites":0,"numPendingTests":0,"numRuntimeErrorTestSuites":0,"numTodoTests":0,"numTotalTestSuites":8,"numTotalTests":19,"openHandles":[],"snapshot":{"added":0,"didUpdate":false,"failure":false,"filesAdded":0,"filesRemoved":0,"filesUnmatched":0,"filesUpdated":0,"matched":0,"total":0,"unchecked":0,"uncheckedKeysByFile":[],"unmatched":0,"updated":0},"startTime":1553439925568,"success":true,"testResults":[{"console":null,"failureMessage":null,"numFailingTests":0,"numPassingTests":2,"numPendingTests":0,"numTodoTests":0,"perfStats":{"end":1553439929269,"start":1553439927219},"snapshot":{"added":0,"fileDeleted":false,"matched":0,"unchecked":0,"unmatched":0,"updated":0,"uncheckedKeys":[]},"testFilePath":"/Users/talbronfer/Documents/Elevation/Projects/mobx1-lesson-exercises-ex-talbronfer/tests/exercises/ex-1.test.js","testResults":[{"ancestorTitles":["exercise1"],"duration":19,"failureMessages":[],"fullName":"exercise1 store should have an addItem function that adds a new Item to the stores list property","location":null,"numPassingAsserts":0,"status":"passed","title":"store should have an addItem function that adds a new Item to the stores list property"},{"ancestorTitles":["exercise1"],"duration":4,"failureMessages":[],"fullName":"exercise1 addItem function should be a MobX action","location":null,"numPassingAsserts":0,"status":"passed","title":"addItem function should be a MobX action"}],"sourceMaps":{},"skipped":false,"leaks":false},{"console":null,"failureMessage":null,"numFailingTests":0,"numPassingTests":3,"numPendingTests":0,"numTodoTests":0,"perfStats":{"end":1553439929442,"start":1553439927282},"snapshot":{"added":0,"fileDeleted":false,"matched":0,"unchecked":0,"unmatched":0,"updated":0,"uncheckedKeys":[]},"testFilePath":"/Users/talbronfer/Documents/Elevation/Projects/mobx1-lesson-exercises-ex-talbronfer/tests/exercises/ex-3.test.js","testResults":[{"ancestorTitles":["exercise3"],"duration":31,"failureMessages":[],"fullName":"exercise3 The store should have an editItem function that edits the location of a given item","location":null,"numPassingAsserts":0,"status":"passed","title":"The store should have an editItem function that edits the location of a given item"},{"ancestorTitles":["exercise3"],"duration":4,"failureMessages":[],"fullName":"exercise3 editItem function should be a MobX action","location":null,"numPassingAsserts":0,"status":"passed","title":"editItem function should be a MobX action"},{"ancestorTitles":["exercise3"],"duration":93,"failureMessages":[],"fullName":"exercise3 Edit button should be rendered per each list item and work on click","location":null,"numPassingAsserts":0,"status":"passed","title":"Edit button should be rendered per each list item and work on click"}],"sourceMaps":{},"skipped":false,"leaks":false},{"console":null,"failureMessage":null,"numFailingTests":0,"numPassingTests":4,"numPendingTests":0,"numTodoTests":0,"perfStats":{"end":1553439929490,"start":1553439927224},"snapshot":{"added":0,"fileDeleted":false,"matched":0,"unchecked":0,"unmatched":0,"updated":0,"uncheckedKeys":[]},"testFilePath":"/Users/talbronfer/Documents/Elevation/Projects/mobx1-lesson-exercises-ex-talbronfer/tests/spot-check-3/ex-1.test.js","testResults":[{"ancestorTitles":["exercise1"],"duration":61,"failureMessages":[],"fullName":"exercise1 Application should render without crashing","location":null,"numPassingAsserts":0,"status":"passed","title":"Application should render without crashing"},{"ancestorTitles":["exercise1"],"duration":12,"failureMessages":[],"fullName":"exercise1 store should have a checkItem function that updates a given items completed property","location":null,"numPassingAsserts":0,"status":"passed","title":"store should have a checkItem function that updates a given items completed property"},{"ancestorTitles":["exercise1"],"duration":3,"failureMessages":[],"fullName":"exercise1 checkItem function should be a MobX action","location":null,"numPassingAsserts":0,"status":"passed","title":"checkItem function should be a MobX action"},{"ancestorTitles":["exercise1"],"duration":90,"failureMessages":[],"fullName":"exercise1 Your input should have an onClick which invokes the checkItem function","location":null,"numPassingAsserts":0,"status":"passed","title":"Your input should have an onClick which invokes the checkItem function"}],"sourceMaps":{},"skipped":false,"leaks":false},{"console":null,"failureMessage":null,"numFailingTests":0,"numPassingTests":1,"numPendingTests":0,"numTodoTests":0,"perfStats":{"end":1553439929783,"start":1553439929327},"snapshot":{"added":0,"fileDeleted":false,"matched":0,"unchecked":0,"unmatched":0,"updated":0,"uncheckedKeys":[]},"testFilePath":"/Users/talbronfer/Documents/Elevation/Projects/mobx1-lesson-exercises-ex-talbronfer/tests/spot-check-1/ex-1.test.js","testResults":[{"ancestorTitles":["exercise1"],"duration":14,"failureMessages":[],"fullName":"exercise1 groceryList class store should have an observable property \"list\"","location":null,"numPassingAsserts":0,"status":"passed","title":"groceryList class store should have an observable property \"list\""}],"sourceMaps":{},"skipped":false,"leaks":false},{"console":null,"failureMessage":null,"numFailingTests":0,"numPassingTests":3,"numPendingTests":0,"numTodoTests":0,"perfStats":{"end":1553439930012,"start":1553439929479},"snapshot":{"added":0,"fileDeleted":false,"matched":0,"unchecked":0,"unmatched":0,"updated":0,"uncheckedKeys":[]},"testFilePath":"/Users/talbronfer/Documents/Elevation/Projects/mobx1-lesson-exercises-ex-talbronfer/tests/exercises/ex-4.test.js","testResults":[{"ancestorTitles":["exercise4"],"duration":16,"failureMessages":[],"fullName":"exercise4 The store should have a deleteItem function that deletes an item from the list","location":null,"numPassingAsserts":0,"status":"passed","title":"The store should have a deleteItem function that deletes an item from the list"},{"ancestorTitles":["exercise4"],"duration":3,"failureMessages":[],"fullName":"exercise4 deleteItem function should be a MobX action","location":null,"numPassingAsserts":0,"status":"passed","title":"deleteItem function should be a MobX action"},{"ancestorTitles":["exercise4"],"duration":58,"failureMessages":[],"fullName":"exercise4 delete button should be rendered per each list item and work on click","location":null,"numPassingAsserts":0,"status":"passed","title":"delete button should be rendered per each list item and work on click"}],"sourceMaps":{},"skipped":false,"leaks":false},{"console":null,"failureMessage":null,"numFailingTests":0,"numPassingTests":2,"numPendingTests":0,"numTodoTests":0,"perfStats":{"end":1553439930026,"start":1553439929555},"snapshot":{"added":0,"fileDeleted":false,"matched":0,"unchecked":0,"unmatched":0,"updated":0,"uncheckedKeys":[]},"testFilePath":"/Users/talbronfer/Documents/Elevation/Projects/mobx1-lesson-exercises-ex-talbronfer/tests/spot-check-2/ex-1.test.js","testResults":[{"ancestorTitles":["exercise1"],"duration":9,"failureMessages":[],"fullName":"exercise1 Application should render without crashing","location":null,"numPassingAsserts":0,"status":"passed","title":"Application should render without crashing"},{"ancestorTitles":["exercise1"],"duration":27,"failureMessages":[],"fullName":"exercise1 App is reading the mobx store list property","location":null,"numPassingAsserts":0,"status":"passed","title":"App is reading the mobx store list property"}],"sourceMaps":{},"skipped":false,"leaks":false},{"console":null,"failureMessage":null,"numFailingTests":0,"numPassingTests":1,"numPendingTests":0,"numTodoTests":0,"perfStats":{"end":1553439930215,"start":1553439930021},"snapshot":{"added":0,"fileDeleted":false,"matched":0,"unchecked":0,"unmatched":0,"updated":0,"uncheckedKeys":[]},"testFilePath":"/Users/talbronfer/Documents/Elevation/Projects/mobx1-lesson-exercises-ex-talbronfer/src/App.test.js","testResults":[{"ancestorTitles":[],"duration":6,"failureMessages":[],"fullName":"renders without crashing","location":null,"numPassingAsserts":0,"status":"passed","title":"renders without crashing"}],"sourceMaps":{},"skipped":false,"leaks":false},{"console":null,"failureMessage":null,"numFailingTests":0,"numPassingTests":3,"numPendingTests":0,"numTodoTests":0,"perfStats":{"end":1553439930260,"start":1553439929800},"snapshot":{"added":0,"fileDeleted":false,"matched":0,"unchecked":0,"unmatched":0,"updated":0,"uncheckedKeys":[]},"testFilePath":"/Users/talbronfer/Documents/Elevation/Projects/mobx1-lesson-exercises-ex-talbronfer/tests/exercises/ex-2.test.js","testResults":[{"ancestorTitles":["exercise2"],"duration":9,"failureMessages":[],"fullName":"exercise2 Each item should have a location property","location":null,"numPassingAsserts":0,"status":"passed","title":"Each item should have a location property"},{"ancestorTitles":["exercise2"],"duration":3,"failureMessages":[],"fullName":"exercise2 The location property should have a default value of \"Super Sell\"","location":null,"numPassingAsserts":0,"status":"passed","title":"The location property should have a default value of \"Super Sell\""},{"ancestorTitles":["exercise2"],"duration":39,"failureMessages":[],"fullName":"exercise2 the location should be rendered next to each item","location":null,"numPassingAsserts":0,"status":"passed","title":"the location should be rendered next to each item"}],"sourceMaps":{},"skipped":false,"leaks":false}],"wasInterrupted":false}